2025-04-26 10:15:49 Installed on: Alex8932
2025-04-26 10:15:50 Installed on: Alex8933
2025-04-26 10:15:50 Installed on: Alex8934
2025-04-26 10:15:51 Installed on: Alex8935
2025-04-26 10:15:52 Installed on: Alex8936
2025-04-26 10:15:52 Installed on: Alex8937
2025-04-26 10:31:18 Installed on: Alex8934
2025-04-26 10:31:19 Installed on: Alex8935
2025-04-26 10:34:33 Installed on: Leonid1
2025-04-26 10:34:34 Installed on: Leonid2
2025-04-26 10:34:34 Installed on: Leonid3
2025-04-26 10:34:35 Installed on: Serg1
2025-04-26 10:34:35 Installed on: Serg2
2025-04-26 10:34:36 Installed on: Serg3
2025-04-26 10:34:36 Installed on: Serg4
2025-04-26 11:37:17 Installed on: Alex8938
2025-04-26 11:37:18 Installed on: Alex8939
2025-04-26 11:37:18 Installed on: Alex894
2025-04-26 11:37:19 Installed on: Alex8940
2025-04-26 11:37:19 Installed on: Alex8941
2025-04-26 11:39:50 Installed on: Alex8938
2025-04-26 11:39:51 Installed on: Alex8939
2025-04-26 11:40:20 Installed on: Alex8938
2025-04-26 11:40:20 Installed on: Alex8939
2025-04-26 11:44:13 Installed on: Alex895
2025-04-26 11:44:13 Installed on: Alex896
2025-04-26 11:44:14 Installed on: Alex8942
2025-04-26 11:44:15 Installed on: Alex898
2025-04-26 11:44:15 Installed on: Alex899
2025-04-26 11:48:09 Installed on: Dmitros
2025-04-26 11:48:09 Installed on: Alex897
2025-04-26 11:48:10 Installed on: Serg1
2025-04-26 11:48:11 Installed on: Serg2
2025-04-26 11:58:24 Installed on: Serg3
2025-04-26 11:58:25 Installed on: Serg4
2025-04-26 11:58:25 Installed on: Serg5
2025-04-26 11:58:26 Installed on: Serg6
2025-04-26 12:07:46 Installed on: Serg7
2025-04-26 12:07:46 Installed on: Serg8
2025-04-26 12:16:21 Installed on: German3
2025-04-26 12:16:21 Installed on: German4
2025-04-26 12:16:22 Installed on: German5
2025-04-26 12:16:22 Installed on: German6
2025-04-26 12:17:09 Installed on: German3
2025-04-26 12:17:10 Installed on: German4
2025-04-26 12:23:38 Installed on: German5
2025-04-26 12:23:38 Installed on: German6
2025-04-26 12:23:39 Installed on: German7
2025-04-26 12:27:01 Installed on: German6
2025-04-26 12:30:28 Installed on: German7
2025-04-26 12:30:29 Installed on: German8
2025-04-26 12:33:41 Installed on: German9
2025-04-26 12:36:44 Installed on: German9
2025-04-28 00:43:31 Installed on: Dmitros
2025-04-28 00:43:52 Installed on: Dmitros
2025-04-28 00:47:52 Installed on: Dmitros
2025-04-28 23:18:27 Installed on: 4$COPY
2025-04-29 20:52:43 Installed on: Serg1
2025-04-29 20:59:46 Installed on: Serg2
2025-04-29 20:59:47 Installed on: Serg3
2025-04-29 21:27:03 Installed on: Serg1
2025-04-29 21:27:03 Installed on: Serg2
2025-04-29 21:27:04 Installed on: Serg3
2025-04-29 21:52:28 Installed on: Serg2
2025-04-29 21:52:45 Installed on: Serg2
2025-04-29 21:53:13 Installed on: Serg2
2025-04-29 21:55:49 Installed on: Serg2
2025-04-29 22:25:28 Installed on: Serg2
2025-04-29 22:26:15 Installed on: Serg2
2025-04-29 22:28:57 Installed on: Serg2
2025-04-29 23:06:36 Installed on: 4$COPY
2025-05-03 23:46:07 Installed on: Alex8933
